<?xml version="1.0" encoding="UTF-8"?>
<!-- Generated by org.testng.reporters.JUnitReportReporter -->
<testsuite hostname="DESKTOP-E12MC2M" failures="0" tests="1" name="appiunm_ff.MyTestCases" time="26.528" errors="0" timestamp="2023-04-20T00:41:58 AST" skipped="0">
  <testcase classname="appiunm_ff.MyTestCases" name="clickOnAllDigit" time="26.528"/>
  <system-out/>
</testsuite> <!-- appiunm_ff.MyTestCases -->
